<?xml version="1.0" encoding="UTF-8"?>
<!-- Generated by org.testng.reporters.JUnitXMLReporter -->
<testsuite ignored="0" hostname="DESKTOP-9KT55NH" failures="3" tests="3" name="e-commerce" time="1.038" errors="0" timestamp="2023-07-26T03:26:07 PDT">
  <testcase classname="eCommerce_package.Myntra" name="ShoppingMyntra" time="0.469">
    <failure type="java.lang.NoClassDefFoundError" message="org/openqa/selenium/chromium/ChromiumDriverLogLevel">
      <![CDATA[java.lang.NoClassDefFoundError: org/openqa/selenium/chromium/ChromiumDriverLogLevel
at org.openqa.selenium.chrome.ChromeDriverService$Builder.<init>(ChromeDriverService.java:210)
at org.openqa.selenium.chrome.ChromeDriverService.createDefaultService(ChromeDriverService.java:162)
at org.openqa.selenium.chrome.ChromeDriver.<init>(ChromeDriver.java:52)
at eCommerce_package.Myntra.ShoppingMyntra(Myntra.java:12)
at java.base/java.util.ArrayList.forEach(ArrayList.java:1511)
Caused by: java.lang.ClassNotFoundException: org.openqa.selenium.chromium.ChromiumDriverLogLevel
at java.base/jdk.internal.loader.BuiltinClassLoader.loadClass(BuiltinClassLoader.java:641)
at java.base/jdk.internal.loader.ClassLoaders$AppClassLoader.loadClass(ClassLoaders.java:188)
at java.base/java.lang.ClassLoader.loadClass(ClassLoader.java:521)
... 30 more
... Removed 25 stack frames]]>
    </failure>
  </testcase> <!-- ShoppingMyntra -->
  <testcase classname="eCommerce_package.Flipcart" name="ShoppingFlipkart" time="0.007">
    <failure type="java.lang.NoClassDefFoundError" message="org/openqa/selenium/chromium/ChromiumDriverLogLevel">
      <![CDATA[java.lang.NoClassDefFoundError: org/openqa/selenium/chromium/ChromiumDriverLogLevel
at org.openqa.selenium.chrome.ChromeDriverService$Builder.<init>(ChromeDriverService.java:210)
at org.openqa.selenium.chrome.ChromeDriverService.createDefaultService(ChromeDriverService.java:162)
at org.openqa.selenium.chrome.ChromeDriver.<init>(ChromeDriver.java:52)
at eCommerce_package.Flipcart.ShoppingFlipkart(Flipcart.java:15)
at java.base/java.util.ArrayList.forEach(ArrayList.java:1511)
Caused by: java.lang.ClassNotFoundException: org.openqa.selenium.chromium.ChromiumDriverLogLevel
... 30 more
... Removed 25 stack frames]]>
    </failure>
  </testcase> <!-- ShoppingFlipkart -->
  <testcase classname="eCommerce_package.Amazon" name="ShoppingAmazon" time="0.017">
    <failure type="java.lang.NoClassDefFoundError" message="org/openqa/selenium/chromium/ChromiumDriverLogLevel">
      <![CDATA[java.lang.NoClassDefFoundError: org/openqa/selenium/chromium/ChromiumDriverLogLevel
at org.openqa.selenium.chrome.ChromeDriverService$Builder.<init>(ChromeDriverService.java:210)
at org.openqa.selenium.chrome.ChromeDriverService.createDefaultService(ChromeDriverService.java:162)
at org.openqa.selenium.chrome.ChromeDriver.<init>(ChromeDriver.java:52)
at eCommerce_package.Amazon.ShoppingAmazon(Amazon.java:11)
at java.base/java.util.ArrayList.forEach(ArrayList.java:1511)
Caused by: java.lang.ClassNotFoundException: org.openqa.selenium.chromium.ChromiumDriverLogLevel
... 30 more
... Removed 25 stack frames]]>
    </failure>
  </testcase> <!-- ShoppingAmazon -->
</testsuite> <!-- e-commerce -->
