<?xml version="1.0" encoding="UTF-8"?>
<!-- Generated by org.testng.reporters.JUnitXMLReporter -->
<testsuite ignored="0" hostname="DESKTOP-9KT55NH" failures="0" tests="3" name="testng.xml" time="174.771" errors="0" timestamp="2023-07-26T03:59:57 PDT">
  <testcase classname="eCommerce_package.Myntra" name="ShoppingMyntra" time="116.157"/>
  <testcase classname="eCommerce_package.Flipcart" name="ShoppingFlipkart" time="36.466"/>
  <testcase classname="eCommerce_package.Amazon" name="ShoppingAmazon" time="21.575"/>
</testsuite> <!-- testng.xml -->
