<?xml version="1.0" encoding="UTF-8"?>
<testng-results ignored="0" total="3" passed="3" failed="0" skipped="0">
  <reporter-output>
  </reporter-output>
  <suite started-at="2023-07-26T03:57:02 PDT" name="Suite" finished-at="2023-07-26T03:59:56 PDT" duration-ms="174771">
    <groups>
    </groups>
    <test started-at="2023-07-26T03:57:02 PDT" name="testng.xml" finished-at="2023-07-26T03:59:56 PDT" duration-ms="174771">
      <class name="eCommerce_package.Amazon">
        <test-method signature="ShoppingAmazon()[pri:0, instance:eCommerce_package.Amazon@611889f4]" started-at="2023-07-26T03:59:35 PDT" name="ShoppingAmazon" finished-at="2023-07-26T03:59:56 PDT" duration-ms="21575" status="PASS">
          <reporter-output>
          </reporter-output>
        </test-method> <!-- ShoppingAmazon -->
      </class> <!-- eCommerce_package.Amazon -->
      <class name="eCommerce_package.Flipcart">
        <test-method signature="ShoppingFlipkart()[pri:0, instance:eCommerce_package.Flipcart@3f6b0be5]" started-at="2023-07-26T03:58:58 PDT" name="ShoppingFlipkart" finished-at="2023-07-26T03:59:35 PDT" duration-ms="36466" status="PASS">
          <reporter-output>
          </reporter-output>
        </test-method> <!-- ShoppingFlipkart -->
      </class> <!-- eCommerce_package.Flipcart -->
      <class name="eCommerce_package.Myntra">
        <test-method signature="ShoppingMyntra()[pri:0, instance:eCommerce_package.Myntra@156b88f5]" started-at="2023-07-26T03:57:02 PDT" name="ShoppingMyntra" finished-at="2023-07-26T03:58:58 PDT" duration-ms="116157" status="PASS">
          <reporter-output>
          </reporter-output>
        </test-method> <!-- ShoppingMyntra -->
      </class> <!-- eCommerce_package.Myntra -->
    </test> <!-- testng.xml -->
  </suite> <!-- Suite -->
</testng-results>
